::1 - - [20/Apr/2021:23:00:25 +0000] "GET / HTTP/1.1" 200 29 "-" "PostmanRuntime/7.26.10"
::1 - - [21/Apr/2021:02:39:06 +0000] "GET / HTTP/1.1" 200 29 "-" "PostmanRuntime/7.26.10"
::1 - - [21/Apr/2021:03:11:29 +0000] "GET / HTTP/1.1" 404 139 "-" "PostmanRuntime/7.26.10"
::1 - - [21/Apr/2021:03:12:10 +0000] "GET / HTTP/1.1" 404 139 "-" "PostmanRuntime/7.26.10"
::1 - - [21/Apr/2021:03:12:14 +0000] "GET /status HTTP/1.1" 404 145 "-" "PostmanRuntime/7.26.10"
::1 - - [21/Apr/2021:03:14:05 +0000] "GET /status HTTP/1.1" 404 145 "-" "PostmanRuntime/7.26.10"
::1 - - [21/Apr/2021:03:14:16 +0000] "GET / HTTP/1.1" 200 29 "-" "PostmanRuntime/7.26.10"
::1 - - [21/Apr/2021:03:14:37 +0000] "GET / HTTP/1.1" 200 31 "-" "PostmanRuntime/7.26.10"
::1 - - [21/Apr/2021:03:30:39 +0000] "GET / HTTP/1.1" 200 31 "-" "PostmanRuntime/7.26.10"
::1 - - [21/Apr/2021:03:30:47 +0000] "GET /api/todos HTTP/1.1" 200 31 "-" "PostmanRuntime/7.26.10"
::1 - - [21/Apr/2021:03:42:24 +0000] "GET /api/todos HTTP/1.1" 200 15 "-" "PostmanRuntime/7.26.10"
::1 - - [21/Apr/2021:04:03:40 +0000] "GET /api/todos HTTP/1.1" 200 28 "-" "PostmanRuntime/7.26.10"
::1 - - [21/Apr/2021:14:33:17 +0000] "GET /api/todos HTTP/1.1" 200 28 "-" "PostmanRuntime/7.26.10"
::1 - - [21/Apr/2021:21:00:03 +0000] "GET /api/todos HTTP/1.1" 200 28 "-" "PostmanRuntime/7.26.10"
::1 - - [21/Apr/2021:21:01:06 +0000] "GET /api/todos HTTP/1.1" 200 28 "-" "PostmanRuntime/7.26.10"
::1 - - [21/Apr/2021:21:02:44 +0000] "GET /api/todos HTTP/1.1" 200 28 "-" "PostmanRuntime/7.26.10"
::1 - - [21/Apr/2021:21:02:45 +0000] "GET /api/todos HTTP/1.1" 200 28 "-" "PostmanRuntime/7.26.10"
::1 - - [22/Apr/2021:07:04:14 +0000] "GET /api/todos HTTP/1.1" 400 1153 "-" "PostmanRuntime/7.26.10"
::1 - - [22/Apr/2021:07:04:23 +0000] "GET /api/todos HTTP/1.1" 400 1153 "-" "PostmanRuntime/7.26.10"
::1 - - [22/Apr/2021:07:05:54 +0000] "GET /api/todos HTTP/1.1" 400 1153 "-" "PostmanRuntime/7.26.10"
::1 - - [22/Apr/2021:07:07:03 +0000] "GET /api/todos HTTP/1.1" 400 1153 "-" "PostmanRuntime/7.26.10"
::1 - - [22/Apr/2021:07:07:04 +0000] "GET /api/todos HTTP/1.1" 400 1153 "-" "PostmanRuntime/7.26.10"
::1 - - [22/Apr/2021:07:07:05 +0000] "GET /api/todos HTTP/1.1" 400 1153 "-" "PostmanRuntime/7.26.10"
::1 - - [22/Apr/2021:07:11:56 +0000] "GET /api/todos HTTP/1.1" 400 1078 "-" "PostmanRuntime/7.26.10"
::1 - - [22/Apr/2021:07:14:07 +0000] "GET /api/todos HTTP/1.1" 400 1153 "-" "PostmanRuntime/7.26.10"
::1 - - [22/Apr/2021:07:15:00 +0000] "GET /api/todos HTTP/1.1" 400 1153 "-" "PostmanRuntime/7.26.10"
::1 - - [22/Apr/2021:07:15:19 +0000] "GET /api/todos HTTP/1.1" 400 1153 "-" "PostmanRuntime/7.26.10"
::1 - - [22/Apr/2021:07:16:43 +0000] "GET /api/todos HTTP/1.1" 400 1153 "-" "PostmanRuntime/7.26.10"
::1 - - [22/Apr/2021:07:19:45 +0000] "GET /api/todos HTTP/1.1" 400 1153 "-" "PostmanRuntime/7.26.10"
::1 - - [22/Apr/2021:07:20:44 +0000] "GET /api/todos HTTP/1.1" 400 1153 "-" "PostmanRuntime/7.26.10"
::1 - - [22/Apr/2021:07:22:10 +0000] "GET /api/todos HTTP/1.1" 400 1153 "-" "PostmanRuntime/7.26.10"
::1 - - [22/Apr/2021:07:22:31 +0000] "GET /api/ HTTP/1.1" 400 1153 "-" "PostmanRuntime/7.26.10"
::1 - - [22/Apr/2021:07:22:32 +0000] "GET /api/ HTTP/1.1" 400 1153 "-" "PostmanRuntime/7.26.10"
::1 - - [22/Apr/2021:07:22:32 +0000] "GET /api/ HTTP/1.1" 400 1153 "-" "PostmanRuntime/7.26.10"
::1 - - [22/Apr/2021:07:22:33 +0000] "GET /api/ HTTP/1.1" 400 1153 "-" "PostmanRuntime/7.26.10"
::1 - - [22/Apr/2021:07:22:36 +0000] "GET / HTTP/1.1" 400 1153 "-" "PostmanRuntime/7.26.10"
::1 - - [22/Apr/2021:07:22:37 +0000] "GET / HTTP/1.1" 400 1153 "-" "PostmanRuntime/7.26.10"
::1 - - [22/Apr/2021:07:22:44 +0000] "GET /api/todos HTTP/1.1" 400 1153 "-" "PostmanRuntime/7.26.10"
::1 - - [22/Apr/2021:07:25:18 +0000] "GET /api/todos HTTP/1.1" 400 1153 "-" "PostmanRuntime/7.26.10"
::1 - - [22/Apr/2021:07:26:47 +0000] "GET /api/todos HTTP/1.1" 400 1153 "-" "PostmanRuntime/7.26.10"
::1 - - [22/Apr/2021:07:29:06 +0000] "GET /api/todos HTTP/1.1" 400 1153 "-" "PostmanRuntime/7.26.10"
::1 - - [22/Apr/2021:07:30:40 +0000] "GET /api/todos HTTP/1.1" 400 1153 "-" "PostmanRuntime/7.26.10"
::1 - - [22/Apr/2021:07:31:16 +0000] "GET /api/todos HTTP/1.1" 400 1153 "-" "PostmanRuntime/7.26.10"
::1 - - [22/Apr/2021:07:31:17 +0000] "GET /api/todos HTTP/1.1" 400 1153 "-" "PostmanRuntime/7.26.10"
::1 - - [22/Apr/2021:07:31:18 +0000] "GET /api/todos HTTP/1.1" 400 1153 "-" "PostmanRuntime/7.26.10"
::1 - - [22/Apr/2021:07:31:40 +0000] "GET /api/todos HTTP/1.1" 400 1153 "-" "PostmanRuntime/7.26.10"
::1 - - [22/Apr/2021:07:32:39 +0000] "GET /api/todos HTTP/1.1" 400 1153 "-" "PostmanRuntime/7.26.10"
::1 - - [22/Apr/2021:07:32:40 +0000] "GET /api/todos HTTP/1.1" 400 1153 "-" "PostmanRuntime/7.26.10"
::1 - - [22/Apr/2021:07:32:41 +0000] "GET /api/todos HTTP/1.1" 400 1153 "-" "PostmanRuntime/7.26.10"
::1 - - [22/Apr/2021:07:32:41 +0000] "GET /api/todos HTTP/1.1" 400 1153 "-" "PostmanRuntime/7.26.10"
::1 - - [22/Apr/2021:07:32:57 +0000] "GET /api/todos HTTP/1.1" 400 1153 "-" "PostmanRuntime/7.26.10"
::1 - - [22/Apr/2021:07:35:24 +0000] "GET /api/todos HTTP/1.1" 400 1153 "-" "PostmanRuntime/7.26.10"
::1 - - [22/Apr/2021:07:35:42 +0000] "GET /api/todos HTTP/1.1" 400 1153 "-" "PostmanRuntime/7.26.10"
::1 - - [22/Apr/2021:07:35:55 +0000] "GET /api/todos HTTP/1.1" 400 1153 "-" "PostmanRuntime/7.26.10"
::1 - - [22/Apr/2021:07:39:43 +0000] "GET /api/todos HTTP/1.1" 200 9 "-" "PostmanRuntime/7.26.10"
::1 - - [22/Apr/2021:07:39:51 +0000] "GET /api/todos HTTP/1.1" 200 9 "-" "PostmanRuntime/7.26.10"
::1 - - [22/Apr/2021:07:40:22 +0000] "GET /api/todos HTTP/1.1" 500 43 "-" "PostmanRuntime/7.26.10"
::1 - - [22/Apr/2021:07:41:23 +0000] "GET /api/todos HTTP/1.1" 500 43 "-" "PostmanRuntime/7.26.10"
::1 - - [22/Apr/2021:07:42:31 +0000] "GET /api/todos HTTP/1.1" 200 9 "-" "PostmanRuntime/7.26.10"
::1 - - [22/Apr/2021:07:42:52 +0000] "GET /api/todos HTTP/1.1" 200 43 "-" "PostmanRuntime/7.26.10"
::1 - - [22/Apr/2021:07:43:22 +0000] "GET /api/todos HTTP/1.1" 200 53 "-" "PostmanRuntime/7.26.10"
::1 - - [22/Apr/2021:07:43:26 +0000] "GET /api/todos HTTP/1.1" 200 53 "-" "PostmanRuntime/7.26.10"
::1 - - [22/Apr/2021:07:45:17 +0000] "GET /api/todos HTTP/1.1" 200 53 "-" "PostmanRuntime/7.26.10"
::1 - - [22/Apr/2021:07:46:47 +0000] "GET /api/posts HTTP/1.1" 404 148 "-" "PostmanRuntime/7.26.10"
::1 - - [22/Apr/2021:07:46:50 +0000] "GET /api/todos HTTP/1.1" 200 53 "-" "PostmanRuntime/7.26.10"
::1 - - [22/Apr/2021:07:47:12 +0000] "GET /api HTTP/1.1" 404 142 "-" "PostmanRuntime/7.26.10"
::1 - - [22/Apr/2021:07:47:14 +0000] "GET /api HTTP/1.1" 404 142 "-" "PostmanRuntime/7.26.10"
::1 - - [22/Apr/2021:07:47:15 +0000] "GET /api HTTP/1.1" 404 142 "-" "PostmanRuntime/7.26.10"
::1 - - [22/Apr/2021:07:47:15 +0000] "GET /api HTTP/1.1" 404 142 "-" "PostmanRuntime/7.26.10"
::1 - - [22/Apr/2021:07:47:32 +0000] "GET /api HTTP/1.1" 404 142 "-" "PostmanRuntime/7.26.10"
::1 - - [22/Apr/2021:07:47:34 +0000] "GET /api HTTP/1.1" 404 142 "-" "PostmanRuntime/7.26.10"
::1 - - [22/Apr/2021:08:06:10 +0000] "GET /api/todos HTTP/1.1" 200 53 "-" "PostmanRuntime/7.26.10"
::1 - - [22/Apr/2021:08:06:16 +0000] "POST /api/todos HTTP/1.1" 404 149 "-" "PostmanRuntime/7.26.10"
::1 - - [22/Apr/2021:08:06:58 +0000] "POST /api/todos HTTP/1.1" 500 43 "-" "PostmanRuntime/7.26.10"
::1 - - [22/Apr/2021:08:09:23 +0000] "POST /api/todos HTTP/1.1" 500 91 "-" "PostmanRuntime/7.26.10"
::1 - - [22/Apr/2021:08:10:46 +0000] "POST /api/todos HTTP/1.1" 201 201 "-" "PostmanRuntime/7.26.10"
::1 - - [22/Apr/2021:08:11:16 +0000] "POST /api/todos HTTP/1.1" 500 83 "-" "PostmanRuntime/7.26.10"
::1 - - [22/Apr/2021:08:11:25 +0000] "POST /api/todos HTTP/1.1" 500 83 "-" "PostmanRuntime/7.26.10"
::1 - - [22/Apr/2021:08:11:54 +0000] "POST /api/todos HTTP/1.1" 201 201 "-" "PostmanRuntime/7.26.10"
::1 - - [22/Apr/2021:08:11:59 +0000] "GET /api/todos HTTP/1.1" 200 356 "-" "PostmanRuntime/7.26.10"
::1 - - [22/Apr/2021:15:28:00 +0000] "GET /api/todos/1 HTTP/1.1" 500 45 "-" "PostmanRuntime/7.26.10"
::1 - - [22/Apr/2021:15:28:31 +0000] "GET /api/todos/1 HTTP/1.1" 500 77 "-" "PostmanRuntime/7.26.10"
::1 - - [22/Apr/2021:15:29:08 +0000] "GET /api/todos/60812f8652debaf485bc199f HTTP/1.1" 200 205 "-" "PostmanRuntime/7.26.10"
::1 - - [22/Apr/2021:15:29:15 +0000] "GET /api/todos/60812f8652debaf485bc199 HTTP/1.1" 500 99 "-" "PostmanRuntime/7.26.10"
::1 - - [22/Apr/2021:15:49:09 +0000] "GET /api/todos/60812f8652debaf485bc199 HTTP/1.1" 500 99 "-" "PostmanRuntime/7.26.10"
::1 - - [22/Apr/2021:15:49:38 +0000] "GET /api/todos/60812f8652debaf485bc199 HTTP/1.1" 500 99 "-" "PostmanRuntime/7.26.10"
::1 - - [22/Apr/2021:15:49:52 +0000] "GET /api/todos/60812f8652debaf485bc199f HTTP/1.1" 200 203 "-" "PostmanRuntime/7.26.10"
::1 - - [22/Apr/2021:15:53:30 +0000] "POST /api/todos HTTP/1.1" 201 200 "-" "PostmanRuntime/7.26.10"
::1 - - [22/Apr/2021:15:53:38 +0000] "GET /api/todos/ HTTP/1.1" 200 506 "-" "PostmanRuntime/7.26.10"
::1 - - [22/Apr/2021:15:53:43 +0000] "GET /api/todos/60812f8652debaf485bc199f HTTP/1.1" 200 203 "-" "PostmanRuntime/7.26.10"
::1 - - [22/Apr/2021:19:19:18 +0000] "GET /api/todos/60812f8652debaf485bc199f HTTP/1.1" 200 203 "-" "PostmanRuntime/7.26.10"
::1 - - [22/Apr/2021:19:20:38 +0000] "GET /api/todos/60812f8652debaf485bc199f HTTP/1.1" 200 203 "-" "PostmanRuntime/7.26.10"
::1 - - [22/Apr/2021:19:21:39 +0000] "GET /api/todos/60812f8652debaf485bc199f HTTP/1.1" 200 203 "-" "PostmanRuntime/7.26.10"
::1 - - [22/Apr/2021:19:21:43 +0000] "POST /api/todos HTTP/1.1" 201 200 "-" "PostmanRuntime/7.26.10"
::1 - - [22/Apr/2021:19:21:45 +0000] "GET /api/todos/60812f8652debaf485bc199f HTTP/1.1" 200 203 "-" "PostmanRuntime/7.26.10"
::1 - - [22/Apr/2021:19:21:51 +0000] "GET /api/todos HTTP/1.1" 200 656 "-" "PostmanRuntime/7.26.10"
::1 - - [22/Apr/2021:19:30:20 +0000] "PUT /api/todos/60812f8652debaf485bc199f HTTP/1.1" 404 173 "-" "PostmanRuntime/7.26.10"
::1 - - [22/Apr/2021:19:51:45 +0000] "PUT /api/todos/60812f8652debaf485bc199f HTTP/1.1" 500 - "-" "PostmanRuntime/7.26.10"
::1 - - [22/Apr/2021:19:52:36 +0000] "PUT /api/todos/60812f8652debaf485bc199f HTTP/1.1" 404 54 "-" "PostmanRuntime/7.26.10"
::1 - - [22/Apr/2021:19:52:57 +0000] "PUT /api/todos/60812f8652debaf485bc199f HTTP/1.1" 404 54 "-" "PostmanRuntime/7.26.10"
::1 - - [22/Apr/2021:19:52:59 +0000] "PUT /api/todos/60812f8652debaf485bc199f HTTP/1.1" 404 54 "-" "PostmanRuntime/7.26.10"
::1 - - [22/Apr/2021:19:54:07 +0000] "PUT /api/todos/60812f8652debaf485bc199f HTTP/1.1" 404 173 "-" "PostmanRuntime/7.26.10"
::1 - - [22/Apr/2021:19:54:09 +0000] "PUT /api/todos/60812f8652debaf485bc199f HTTP/1.1" 404 173 "-" "PostmanRuntime/7.26.10"
::1 - - [22/Apr/2021:19:55:11 +0000] "PUT /api/todos/60812f8652debaf485bc199f HTTP/1.1" 404 173 "-" "PostmanRuntime/7.26.10"
::1 - - [22/Apr/2021:19:55:12 +0000] "PUT /api/todos/60812f8652debaf485bc199f HTTP/1.1" 404 173 "-" "PostmanRuntime/7.26.10"
::1 - - [22/Apr/2021:19:55:14 +0000] "PUT /api/todos/60812f8652debaf485bc199f HTTP/1.1" 404 173 "-" "PostmanRuntime/7.26.10"
::1 - - [22/Apr/2021:19:56:47 +0000] "PUT /api/todos/60812f8652debaf485bc199f HTTP/1.1" 404 173 "-" "PostmanRuntime/7.26.10"
::1 - - [22/Apr/2021:19:56:55 +0000] "PUT /api/tsodos/60812f8652debaf485bc199f HTTP/1.1" 404 174 "-" "PostmanRuntime/7.26.10"
::1 - - [22/Apr/2021:19:56:56 +0000] "PUT /api/tsodos/60812f8652debaf485bc199f HTTP/1.1" 404 174 "-" "PostmanRuntime/7.26.10"
::1 - - [22/Apr/2021:19:57:21 +0000] "PUT /api/tsodos/60812f8652debaf485bc199f HTTP/1.1" 404 174 "-" "PostmanRuntime/7.26.10"
::1 - - [22/Apr/2021:19:57:32 +0000] "POST /api/todos HTTP/1.1" 500 120 "-" "PostmanRuntime/7.26.10"
::1 - - [22/Apr/2021:19:58:40 +0000] "POST /api/todos HTTP/1.1" 500 706 "-" "PostmanRuntime/7.26.10"
::1 - - [22/Apr/2021:19:58:56 +0000] "POST /api/todos HTTP/1.1" 500 120 "-" "PostmanRuntime/7.26.10"
::1 - - [22/Apr/2021:19:59:03 +0000] "POST /api/todos HTTP/1.1" 201 200 "-" "PostmanRuntime/7.26.10"
::1 - - [22/Apr/2021:19:59:16 +0000] "PUT /api/tsodos/60812f8652debaf485bc199f HTTP/1.1" 404 174 "-" "PostmanRuntime/7.26.10"
::1 - - [22/Apr/2021:19:59:17 +0000] "PUT /api/tsodos/60812f8652debaf485bc199f HTTP/1.1" 404 174 "-" "PostmanRuntime/7.26.10"
::1 - - [22/Apr/2021:19:59:18 +0000] "PUT /api/tsodos/60812f8652debaf485bc199f HTTP/1.1" 404 174 "-" "PostmanRuntime/7.26.10"
::1 - - [22/Apr/2021:20:03:06 +0000] "PUT /api/tsodos/60812f8652debaf485bc199f HTTP/1.1" 404 174 "-" "PostmanRuntime/7.26.10"
::1 - - [22/Apr/2021:20:14:25 +0000] "PUT /api/tsodos/60812f8652debaf485bc199f HTTP/1.1" 404 54 "-" "PostmanRuntime/7.26.10"
::1 - - [22/Apr/2021:20:15:13 +0000] "PUT /api/tsodos/60812f8652debaf485bc199f HTTP/1.1" 500 - "-" "PostmanRuntime/7.26.10"
::1 - - [22/Apr/2021:20:17:06 +0000] "PUT /api/tsodos/60812f8652debaf485bc199f HTTP/1.1" 404 54 "-" "PostmanRuntime/7.26.10"
::1 - - [22/Apr/2021:20:18:08 +0000] "PUT /api/tsodos/60812f8652debaf485bc199f HTTP/1.1" 404 54 "-" "PostmanRuntime/7.26.10"
::1 - - [22/Apr/2021:20:20:11 +0000] "PUT /api/tsodos/60812f8652debaf485bc199f HTTP/1.1" 404 54 "-" "PostmanRuntime/7.26.10"
::1 - - [22/Apr/2021:20:20:12 +0000] "PUT /api/tsodos/60812f8652debaf485bc199f HTTP/1.1" 404 54 "-" "PostmanRuntime/7.26.10"
::1 - - [22/Apr/2021:20:20:13 +0000] "PUT /api/tsodos/60812f8652debaf485bc199f HTTP/1.1" 404 54 "-" "PostmanRuntime/7.26.10"
::1 - - [22/Apr/2021:20:23:54 +0000] "PUT /api/tsodos/60812f8652debaf485bc199f HTTP/1.1" 404 54 "-" "PostmanRuntime/7.26.10"
